State 0:
          program ::= * statementgroup
          statementgroup ::= * statementgroup statement SEMICOLON
          statementgroup ::= * statementgroup flowstatement
          statementgroup ::= * flowstatement
          statementgroup ::= * statement SEMICOLON
          flowstatement ::= * KEYWORD_IF LPAREN fexpression RPAREN LCURLY statementgroup RCURLY
          flowstatement ::= * KEYWORD_IF LPAREN fexpression RPAREN LCURLY statementgroup RCURLY KEYWORD_ELSE LCURLY statementgroup RCURLY
          flowstatement ::= * KEYWORD_WHILE LPAREN fexpression RPAREN LCURLY statementgroup RCURLY
          statement ::= * definition EQUAL fexpression
          statement ::= * definition
          statement ::= * IDENTIFIER EQUAL fexpression
          statement ::= * fexpression
          statement ::= * KEYWORD_PRINT fexpression
          definition ::= * datatype IDENTIFIER
          datatype ::= * KEYWORD_INTEGER
          datatype ::= * KEYWORD_FLOAT
          fexpression ::= * expression LOGICAL_EQ fexpression
          fexpression ::= * expression LOGICAL_NE fexpression
          fexpression ::= * expression LOGICAL_GT fexpression
          fexpression ::= * expression LOGICAL_LT fexpression
          fexpression ::= * expression LOGICAL_GTE fexpression
          fexpression ::= * expression LOGICAL_LTE fexpression
          fexpression ::= * expression LOGICAL_AND fexpression
          fexpression ::= * expression LOGICAL_OR fexpression
          fexpression ::= * expression LOGICAL_XOR fexpression
          fexpression ::= * expression
          expression ::= * term PLUS expression
          expression ::= * term MINUS expression
          expression ::= * term
          term ::= * term MUL term
          term ::= * term DIV term
          term ::= * term MOD term
          term ::= * term EXP term
          term ::= * signedFactor
          signedFactor ::= * PLUS factor
          signedFactor ::= * MINUS factor
          signedFactor ::= * LOGICAL_NOT factor
          signedFactor ::= * factor
          factor ::= * LPAREN fexpression RPAREN
          factor ::= * IDENTIFIER
          factor ::= * INTEGER
          factor ::= * FLOAT

                    KEYWORD_IF shift  50
                        LPAREN shift  18
                 KEYWORD_WHILE shift  45
                    IDENTIFIER shift  36
                 KEYWORD_PRINT shift  8
               KEYWORD_INTEGER shift  55
                 KEYWORD_FLOAT shift  54
                          PLUS shift  31
                         MINUS shift  30
                   LOGICAL_NOT shift  29
                       INTEGER shift  73
                         FLOAT shift  72
                statementgroup shift  7
                     statement shift  34
                 flowstatement shift  53
                   fexpression shift  58
                    expression shift  32
                    definition shift  42
                      datatype shift  35
                          term shift  33
                  signedFactor shift  77
                        factor shift  70
                       program accept

State 1:
          statementgroup ::= * statementgroup statement SEMICOLON
          statementgroup ::= * statementgroup flowstatement
          statementgroup ::= * flowstatement
          statementgroup ::= * statement SEMICOLON
          flowstatement ::= * KEYWORD_IF LPAREN fexpression RPAREN LCURLY statementgroup RCURLY
          flowstatement ::= * KEYWORD_IF LPAREN fexpression RPAREN LCURLY statementgroup RCURLY KEYWORD_ELSE LCURLY statementgroup RCURLY
          flowstatement ::= * KEYWORD_WHILE LPAREN fexpression RPAREN LCURLY statementgroup RCURLY
          flowstatement ::= KEYWORD_WHILE LPAREN fexpression RPAREN LCURLY * statementgroup RCURLY
          statement ::= * definition EQUAL fexpression
          statement ::= * definition
          statement ::= * IDENTIFIER EQUAL fexpression
          statement ::= * fexpression
          statement ::= * KEYWORD_PRINT fexpression
          definition ::= * datatype IDENTIFIER
          datatype ::= * KEYWORD_INTEGER
          datatype ::= * KEYWORD_FLOAT
          fexpression ::= * expression LOGICAL_EQ fexpression
          fexpression ::= * expression LOGICAL_NE fexpression
          fexpression ::= * expression LOGICAL_GT fexpression
          fexpression ::= * expression LOGICAL_LT fexpression
          fexpression ::= * expression LOGICAL_GTE fexpression
          fexpression ::= * expression LOGICAL_LTE fexpression
          fexpression ::= * expression LOGICAL_AND fexpression
          fexpression ::= * expression LOGICAL_OR fexpression
          fexpression ::= * expression LOGICAL_XOR fexpression
          fexpression ::= * expression
          expression ::= * term PLUS expression
          expression ::= * term MINUS expression
          expression ::= * term
          term ::= * term MUL term
          term ::= * term DIV term
          term ::= * term MOD term
          term ::= * term EXP term
          term ::= * signedFactor
          signedFactor ::= * PLUS factor
          signedFactor ::= * MINUS factor
          signedFactor ::= * LOGICAL_NOT factor
          signedFactor ::= * factor
          factor ::= * LPAREN fexpression RPAREN
          factor ::= * IDENTIFIER
          factor ::= * INTEGER
          factor ::= * FLOAT

                    KEYWORD_IF shift  50
                        LPAREN shift  18
                 KEYWORD_WHILE shift  45
                    IDENTIFIER shift  36
                 KEYWORD_PRINT shift  8
               KEYWORD_INTEGER shift  55
                 KEYWORD_FLOAT shift  54
                          PLUS shift  31
                         MINUS shift  30
                   LOGICAL_NOT shift  29
                       INTEGER shift  73
                         FLOAT shift  72
                statementgroup shift  4
                     statement shift  34
                 flowstatement shift  53
                   fexpression shift  58
                    expression shift  32
                    definition shift  42
                      datatype shift  35
                          term shift  33
                  signedFactor shift  77
                        factor shift  70

State 2:
          statementgroup ::= * statementgroup statement SEMICOLON
          statementgroup ::= * statementgroup flowstatement
          statementgroup ::= * flowstatement
          statementgroup ::= * statement SEMICOLON
          flowstatement ::= * KEYWORD_IF LPAREN fexpression RPAREN LCURLY statementgroup RCURLY
          flowstatement ::= * KEYWORD_IF LPAREN fexpression RPAREN LCURLY statementgroup RCURLY KEYWORD_ELSE LCURLY statementgroup RCURLY
          flowstatement ::= KEYWORD_IF LPAREN fexpression RPAREN LCURLY statementgroup RCURLY KEYWORD_ELSE LCURLY * statementgroup RCURLY
          flowstatement ::= * KEYWORD_WHILE LPAREN fexpression RPAREN LCURLY statementgroup RCURLY
          statement ::= * definition EQUAL fexpression
          statement ::= * definition
          statement ::= * IDENTIFIER EQUAL fexpression
          statement ::= * fexpression
          statement ::= * KEYWORD_PRINT fexpression
          definition ::= * datatype IDENTIFIER
          datatype ::= * KEYWORD_INTEGER
          datatype ::= * KEYWORD_FLOAT
          fexpression ::= * expression LOGICAL_EQ fexpression
          fexpression ::= * expression LOGICAL_NE fexpression
          fexpression ::= * expression LOGICAL_GT fexpression
          fexpression ::= * expression LOGICAL_LT fexpression
          fexpression ::= * expression LOGICAL_GTE fexpression
          fexpression ::= * expression LOGICAL_LTE fexpression
          fexpression ::= * expression LOGICAL_AND fexpression
          fexpression ::= * expression LOGICAL_OR fexpression
          fexpression ::= * expression LOGICAL_XOR fexpression
          fexpression ::= * expression
          expression ::= * term PLUS expression
          expression ::= * term MINUS expression
          expression ::= * term
          term ::= * term MUL term
          term ::= * term DIV term
          term ::= * term MOD term
          term ::= * term EXP term
          term ::= * signedFactor
          signedFactor ::= * PLUS factor
          signedFactor ::= * MINUS factor
          signedFactor ::= * LOGICAL_NOT factor
          signedFactor ::= * factor
          factor ::= * LPAREN fexpression RPAREN
          factor ::= * IDENTIFIER
          factor ::= * INTEGER
          factor ::= * FLOAT

                    KEYWORD_IF shift  50
                        LPAREN shift  18
                 KEYWORD_WHILE shift  45
                    IDENTIFIER shift  36
                 KEYWORD_PRINT shift  8
               KEYWORD_INTEGER shift  55
                 KEYWORD_FLOAT shift  54
                          PLUS shift  31
                         MINUS shift  30
                   LOGICAL_NOT shift  29
                       INTEGER shift  73
                         FLOAT shift  72
                statementgroup shift  5
                     statement shift  34
                 flowstatement shift  53
                   fexpression shift  58
                    expression shift  32
                    definition shift  42
                      datatype shift  35
                          term shift  33
                  signedFactor shift  77
                        factor shift  70

State 3:
          statementgroup ::= * statementgroup statement SEMICOLON
          statementgroup ::= * statementgroup flowstatement
          statementgroup ::= * flowstatement
          statementgroup ::= * statement SEMICOLON
          flowstatement ::= * KEYWORD_IF LPAREN fexpression RPAREN LCURLY statementgroup RCURLY
          flowstatement ::= KEYWORD_IF LPAREN fexpression RPAREN LCURLY * statementgroup RCURLY
          flowstatement ::= * KEYWORD_IF LPAREN fexpression RPAREN LCURLY statementgroup RCURLY KEYWORD_ELSE LCURLY statementgroup RCURLY
          flowstatement ::= KEYWORD_IF LPAREN fexpression RPAREN LCURLY * statementgroup RCURLY KEYWORD_ELSE LCURLY statementgroup RCURLY
          flowstatement ::= * KEYWORD_WHILE LPAREN fexpression RPAREN LCURLY statementgroup RCURLY
          statement ::= * definition EQUAL fexpression
          statement ::= * definition
          statement ::= * IDENTIFIER EQUAL fexpression
          statement ::= * fexpression
          statement ::= * KEYWORD_PRINT fexpression
          definition ::= * datatype IDENTIFIER
          datatype ::= * KEYWORD_INTEGER
          datatype ::= * KEYWORD_FLOAT
          fexpression ::= * expression LOGICAL_EQ fexpression
          fexpression ::= * expression LOGICAL_NE fexpression
          fexpression ::= * expression LOGICAL_GT fexpression
          fexpression ::= * expression LOGICAL_LT fexpression
          fexpression ::= * expression LOGICAL_GTE fexpression
          fexpression ::= * expression LOGICAL_LTE fexpression
          fexpression ::= * expression LOGICAL_AND fexpression
          fexpression ::= * expression LOGICAL_OR fexpression
          fexpression ::= * expression LOGICAL_XOR fexpression
          fexpression ::= * expression
          expression ::= * term PLUS expression
          expression ::= * term MINUS expression
          expression ::= * term
          term ::= * term MUL term
          term ::= * term DIV term
          term ::= * term MOD term
          term ::= * term EXP term
          term ::= * signedFactor
          signedFactor ::= * PLUS factor
          signedFactor ::= * MINUS factor
          signedFactor ::= * LOGICAL_NOT factor
          signedFactor ::= * factor
          factor ::= * LPAREN fexpression RPAREN
          factor ::= * IDENTIFIER
          factor ::= * INTEGER
          factor ::= * FLOAT

                    KEYWORD_IF shift  50
                        LPAREN shift  18
                 KEYWORD_WHILE shift  45
                    IDENTIFIER shift  36
                 KEYWORD_PRINT shift  8
               KEYWORD_INTEGER shift  55
                 KEYWORD_FLOAT shift  54
                          PLUS shift  31
                         MINUS shift  30
                   LOGICAL_NOT shift  29
                       INTEGER shift  73
                         FLOAT shift  72
                statementgroup shift  6
                     statement shift  34
                 flowstatement shift  53
                   fexpression shift  58
                    expression shift  32
                    definition shift  42
                      datatype shift  35
                          term shift  33
                  signedFactor shift  77
                        factor shift  70

State 4:
          statementgroup ::= statementgroup * statement SEMICOLON
          statementgroup ::= statementgroup * flowstatement
          flowstatement ::= * KEYWORD_IF LPAREN fexpression RPAREN LCURLY statementgroup RCURLY
          flowstatement ::= * KEYWORD_IF LPAREN fexpression RPAREN LCURLY statementgroup RCURLY KEYWORD_ELSE LCURLY statementgroup RCURLY
          flowstatement ::= * KEYWORD_WHILE LPAREN fexpression RPAREN LCURLY statementgroup RCURLY
          flowstatement ::= KEYWORD_WHILE LPAREN fexpression RPAREN LCURLY statementgroup * RCURLY
          statement ::= * definition EQUAL fexpression
          statement ::= * definition
          statement ::= * IDENTIFIER EQUAL fexpression
          statement ::= * fexpression
          statement ::= * KEYWORD_PRINT fexpression
          definition ::= * datatype IDENTIFIER
          datatype ::= * KEYWORD_INTEGER
          datatype ::= * KEYWORD_FLOAT
          fexpression ::= * expression LOGICAL_EQ fexpression
          fexpression ::= * expression LOGICAL_NE fexpression
          fexpression ::= * expression LOGICAL_GT fexpression
          fexpression ::= * expression LOGICAL_LT fexpression
          fexpression ::= * expression LOGICAL_GTE fexpression
          fexpression ::= * expression LOGICAL_LTE fexpression
          fexpression ::= * expression LOGICAL_AND fexpression
          fexpression ::= * expression LOGICAL_OR fexpression
          fexpression ::= * expression LOGICAL_XOR fexpression
          fexpression ::= * expression
          expression ::= * term PLUS expression
          expression ::= * term MINUS expression
          expression ::= * term
          term ::= * term MUL term
          term ::= * term DIV term
          term ::= * term MOD term
          term ::= * term EXP term
          term ::= * signedFactor
          signedFactor ::= * PLUS factor
          signedFactor ::= * MINUS factor
          signedFactor ::= * LOGICAL_NOT factor
          signedFactor ::= * factor
          factor ::= * LPAREN fexpression RPAREN
          factor ::= * IDENTIFIER
          factor ::= * INTEGER
          factor ::= * FLOAT

                    KEYWORD_IF shift  50
                        LPAREN shift  18
                        RCURLY shift  81
                 KEYWORD_WHILE shift  45
                    IDENTIFIER shift  36
                 KEYWORD_PRINT shift  8
               KEYWORD_INTEGER shift  55
                 KEYWORD_FLOAT shift  54
                          PLUS shift  31
                         MINUS shift  30
                   LOGICAL_NOT shift  29
                       INTEGER shift  73
                         FLOAT shift  72
                     statement shift  51
                 flowstatement shift  83
                   fexpression shift  58
                    expression shift  32
                    definition shift  42
                      datatype shift  35
                          term shift  33
                  signedFactor shift  77
                        factor shift  70

State 5:
          statementgroup ::= statementgroup * statement SEMICOLON
          statementgroup ::= statementgroup * flowstatement
          flowstatement ::= * KEYWORD_IF LPAREN fexpression RPAREN LCURLY statementgroup RCURLY
          flowstatement ::= * KEYWORD_IF LPAREN fexpression RPAREN LCURLY statementgroup RCURLY KEYWORD_ELSE LCURLY statementgroup RCURLY
          flowstatement ::= KEYWORD_IF LPAREN fexpression RPAREN LCURLY statementgroup RCURLY KEYWORD_ELSE LCURLY statementgroup * RCURLY
          flowstatement ::= * KEYWORD_WHILE LPAREN fexpression RPAREN LCURLY statementgroup RCURLY
          statement ::= * definition EQUAL fexpression
          statement ::= * definition
          statement ::= * IDENTIFIER EQUAL fexpression
          statement ::= * fexpression
          statement ::= * KEYWORD_PRINT fexpression
          definition ::= * datatype IDENTIFIER
          datatype ::= * KEYWORD_INTEGER
          datatype ::= * KEYWORD_FLOAT
          fexpression ::= * expression LOGICAL_EQ fexpression
          fexpression ::= * expression LOGICAL_NE fexpression
          fexpression ::= * expression LOGICAL_GT fexpression
          fexpression ::= * expression LOGICAL_LT fexpression
          fexpression ::= * expression LOGICAL_GTE fexpression
          fexpression ::= * expression LOGICAL_LTE fexpression
          fexpression ::= * expression LOGICAL_AND fexpression
          fexpression ::= * expression LOGICAL_OR fexpression
          fexpression ::= * expression LOGICAL_XOR fexpression
          fexpression ::= * expression
          expression ::= * term PLUS expression
          expression ::= * term MINUS expression
          expression ::= * term
          term ::= * term MUL term
          term ::= * term DIV term
          term ::= * term MOD term
          term ::= * term EXP term
          term ::= * signedFactor
          signedFactor ::= * PLUS factor
          signedFactor ::= * MINUS factor
          signedFactor ::= * LOGICAL_NOT factor
          signedFactor ::= * factor
          factor ::= * LPAREN fexpression RPAREN
          factor ::= * IDENTIFIER
          factor ::= * INTEGER
          factor ::= * FLOAT

                    KEYWORD_IF shift  50
                        LPAREN shift  18
                        RCURLY shift  82
                 KEYWORD_WHILE shift  45
                    IDENTIFIER shift  36
                 KEYWORD_PRINT shift  8
               KEYWORD_INTEGER shift  55
                 KEYWORD_FLOAT shift  54
                          PLUS shift  31
                         MINUS shift  30
                   LOGICAL_NOT shift  29
                       INTEGER shift  73
                         FLOAT shift  72
                     statement shift  51
                 flowstatement shift  83
                   fexpression shift  58
                    expression shift  32
                    definition shift  42
                      datatype shift  35
                          term shift  33
                  signedFactor shift  77
                        factor shift  70

State 6:
          statementgroup ::= statementgroup * statement SEMICOLON
          statementgroup ::= statementgroup * flowstatement
          flowstatement ::= * KEYWORD_IF LPAREN fexpression RPAREN LCURLY statementgroup RCURLY
          flowstatement ::= KEYWORD_IF LPAREN fexpression RPAREN LCURLY statementgroup * RCURLY
          flowstatement ::= * KEYWORD_IF LPAREN fexpression RPAREN LCURLY statementgroup RCURLY KEYWORD_ELSE LCURLY statementgroup RCURLY
          flowstatement ::= KEYWORD_IF LPAREN fexpression RPAREN LCURLY statementgroup * RCURLY KEYWORD_ELSE LCURLY statementgroup RCURLY
          flowstatement ::= * KEYWORD_WHILE LPAREN fexpression RPAREN LCURLY statementgroup RCURLY
          statement ::= * definition EQUAL fexpression
          statement ::= * definition
          statement ::= * IDENTIFIER EQUAL fexpression
          statement ::= * fexpression
          statement ::= * KEYWORD_PRINT fexpression
          definition ::= * datatype IDENTIFIER
          datatype ::= * KEYWORD_INTEGER
          datatype ::= * KEYWORD_FLOAT
          fexpression ::= * expression LOGICAL_EQ fexpression
          fexpression ::= * expression LOGICAL_NE fexpression
          fexpression ::= * expression LOGICAL_GT fexpression
          fexpression ::= * expression LOGICAL_LT fexpression
          fexpression ::= * expression LOGICAL_GTE fexpression
          fexpression ::= * expression LOGICAL_LTE fexpression
          fexpression ::= * expression LOGICAL_AND fexpression
          fexpression ::= * expression LOGICAL_OR fexpression
          fexpression ::= * expression LOGICAL_XOR fexpression
          fexpression ::= * expression
          expression ::= * term PLUS expression
          expression ::= * term MINUS expression
          expression ::= * term
          term ::= * term MUL term
          term ::= * term DIV term
          term ::= * term MOD term
          term ::= * term EXP term
          term ::= * signedFactor
          signedFactor ::= * PLUS factor
          signedFactor ::= * MINUS factor
          signedFactor ::= * LOGICAL_NOT factor
          signedFactor ::= * factor
          factor ::= * LPAREN fexpression RPAREN
          factor ::= * IDENTIFIER
          factor ::= * INTEGER
          factor ::= * FLOAT

                    KEYWORD_IF shift  50
                        LPAREN shift  18
                        RCURLY shift  47
                 KEYWORD_WHILE shift  45
                    IDENTIFIER shift  36
                 KEYWORD_PRINT shift  8
               KEYWORD_INTEGER shift  55
                 KEYWORD_FLOAT shift  54
                          PLUS shift  31
                         MINUS shift  30
                   LOGICAL_NOT shift  29
                       INTEGER shift  73
                         FLOAT shift  72
                     statement shift  51
                 flowstatement shift  83
                   fexpression shift  58
                    expression shift  32
                    definition shift  42
                      datatype shift  35
                          term shift  33
                  signedFactor shift  77
                        factor shift  70

State 7:
      (0) program ::= statementgroup *
          statementgroup ::= statementgroup * statement SEMICOLON
          statementgroup ::= statementgroup * flowstatement
          flowstatement ::= * KEYWORD_IF LPAREN fexpression RPAREN LCURLY statementgroup RCURLY
          flowstatement ::= * KEYWORD_IF LPAREN fexpression RPAREN LCURLY statementgroup RCURLY KEYWORD_ELSE LCURLY statementgroup RCURLY
          flowstatement ::= * KEYWORD_WHILE LPAREN fexpression RPAREN LCURLY statementgroup RCURLY
          statement ::= * definition EQUAL fexpression
          statement ::= * definition
          statement ::= * IDENTIFIER EQUAL fexpression
          statement ::= * fexpression
          statement ::= * KEYWORD_PRINT fexpression
          definition ::= * datatype IDENTIFIER
          datatype ::= * KEYWORD_INTEGER
          datatype ::= * KEYWORD_FLOAT
          fexpression ::= * expression LOGICAL_EQ fexpression
          fexpression ::= * expression LOGICAL_NE fexpression
          fexpression ::= * expression LOGICAL_GT fexpression
          fexpression ::= * expression LOGICAL_LT fexpression
          fexpression ::= * expression LOGICAL_GTE fexpression
          fexpression ::= * expression LOGICAL_LTE fexpression
          fexpression ::= * expression LOGICAL_AND fexpression
          fexpression ::= * expression LOGICAL_OR fexpression
          fexpression ::= * expression LOGICAL_XOR fexpression
          fexpression ::= * expression
          expression ::= * term PLUS expression
          expression ::= * term MINUS expression
          expression ::= * term
          term ::= * term MUL term
          term ::= * term DIV term
          term ::= * term MOD term
          term ::= * term EXP term
          term ::= * signedFactor
          signedFactor ::= * PLUS factor
          signedFactor ::= * MINUS factor
          signedFactor ::= * LOGICAL_NOT factor
          signedFactor ::= * factor
          factor ::= * LPAREN fexpression RPAREN
          factor ::= * IDENTIFIER
          factor ::= * INTEGER
          factor ::= * FLOAT

                             $ reduce 0
                    KEYWORD_IF shift  50
                        LPAREN shift  18
                 KEYWORD_WHILE shift  45
                    IDENTIFIER shift  36
                 KEYWORD_PRINT shift  8
               KEYWORD_INTEGER shift  55
                 KEYWORD_FLOAT shift  54
                          PLUS shift  31
                         MINUS shift  30
                   LOGICAL_NOT shift  29
                       INTEGER shift  73
                         FLOAT shift  72
                     statement shift  51
                 flowstatement shift  83
                   fexpression shift  58
                    expression shift  32
                    definition shift  42
                      datatype shift  35
                          term shift  33
                  signedFactor shift  77
                        factor shift  70

State 8:
          statement ::= KEYWORD_PRINT * fexpression
          fexpression ::= * expression LOGICAL_EQ fexpression
          fexpression ::= * expression LOGICAL_NE fexpression
          fexpression ::= * expression LOGICAL_GT fexpression
          fexpression ::= * expression LOGICAL_LT fexpression
          fexpression ::= * expression LOGICAL_GTE fexpression
          fexpression ::= * expression LOGICAL_LTE fexpression
          fexpression ::= * expression LOGICAL_AND fexpression
          fexpression ::= * expression LOGICAL_OR fexpression
          fexpression ::= * expression LOGICAL_XOR fexpression
          fexpression ::= * expression
          expression ::= * term PLUS expression
          expression ::= * term MINUS expression
          expression ::= * term
          term ::= * term MUL term
          term ::= * term DIV term
          term ::= * term MOD term
          term ::= * term EXP term
          term ::= * signedFactor
          signedFactor ::= * PLUS factor
          signedFactor ::= * MINUS factor
          signedFactor ::= * LOGICAL_NOT factor
          signedFactor ::= * factor
          factor ::= * LPAREN fexpression RPAREN
          factor ::= * IDENTIFIER
          factor ::= * INTEGER
          factor ::= * FLOAT

                        LPAREN shift  18
                    IDENTIFIER shift  74
                          PLUS shift  31
                         MINUS shift  30
                   LOGICAL_NOT shift  29
                       INTEGER shift  73
                         FLOAT shift  72
                   fexpression shift  57
                    expression shift  32
                          term shift  33
                  signedFactor shift  77
                        factor shift  70

State 9:
          statement ::= IDENTIFIER EQUAL * fexpression
          fexpression ::= * expression LOGICAL_EQ fexpression
          fexpression ::= * expression LOGICAL_NE fexpression
          fexpression ::= * expression LOGICAL_GT fexpression
          fexpression ::= * expression LOGICAL_LT fexpression
          fexpression ::= * expression LOGICAL_GTE fexpression
          fexpression ::= * expression LOGICAL_LTE fexpression
          fexpression ::= * expression LOGICAL_AND fexpression
          fexpression ::= * expression LOGICAL_OR fexpression
          fexpression ::= * expression LOGICAL_XOR fexpression
          fexpression ::= * expression
          expression ::= * term PLUS expression
          expression ::= * term MINUS expression
          expression ::= * term
          term ::= * term MUL term
          term ::= * term DIV term
          term ::= * term MOD term
          term ::= * term EXP term
          term ::= * signedFactor
          signedFactor ::= * PLUS factor
          signedFactor ::= * MINUS factor
          signedFactor ::= * LOGICAL_NOT factor
          signedFactor ::= * factor
          factor ::= * LPAREN fexpression RPAREN
          factor ::= * IDENTIFIER
          factor ::= * INTEGER
          factor ::= * FLOAT

                        LPAREN shift  18
                    IDENTIFIER shift  74
                          PLUS shift  31
                         MINUS shift  30
                   LOGICAL_NOT shift  29
                       INTEGER shift  73
                         FLOAT shift  72
                   fexpression shift  59
                    expression shift  32
                          term shift  33
                  signedFactor shift  77
                        factor shift  70

State 10:
          fexpression ::= * expression LOGICAL_EQ fexpression
          fexpression ::= * expression LOGICAL_NE fexpression
          fexpression ::= * expression LOGICAL_GT fexpression
          fexpression ::= * expression LOGICAL_LT fexpression
          fexpression ::= * expression LOGICAL_GTE fexpression
          fexpression ::= * expression LOGICAL_LTE fexpression
          fexpression ::= * expression LOGICAL_AND fexpression
          fexpression ::= * expression LOGICAL_OR fexpression
          fexpression ::= * expression LOGICAL_XOR fexpression
          fexpression ::= expression LOGICAL_XOR * fexpression
          fexpression ::= * expression
          expression ::= * term PLUS expression
          expression ::= * term MINUS expression
          expression ::= * term
          term ::= * term MUL term
          term ::= * term DIV term
          term ::= * term MOD term
          term ::= * term EXP term
          term ::= * signedFactor
          signedFactor ::= * PLUS factor
          signedFactor ::= * MINUS factor
          signedFactor ::= * LOGICAL_NOT factor
          signedFactor ::= * factor
          factor ::= * LPAREN fexpression RPAREN
          factor ::= * IDENTIFIER
          factor ::= * INTEGER
          factor ::= * FLOAT

                        LPAREN shift  18
                    IDENTIFIER shift  74
                          PLUS shift  31
                         MINUS shift  30
                   LOGICAL_NOT shift  29
                       INTEGER shift  73
                         FLOAT shift  72
                   fexpression shift  60
                    expression shift  32
                          term shift  33
                  signedFactor shift  77
                        factor shift  70

State 11:
          fexpression ::= * expression LOGICAL_EQ fexpression
          fexpression ::= * expression LOGICAL_NE fexpression
          fexpression ::= * expression LOGICAL_GT fexpression
          fexpression ::= * expression LOGICAL_LT fexpression
          fexpression ::= * expression LOGICAL_GTE fexpression
          fexpression ::= * expression LOGICAL_LTE fexpression
          fexpression ::= * expression LOGICAL_AND fexpression
          fexpression ::= * expression LOGICAL_OR fexpression
          fexpression ::= expression LOGICAL_OR * fexpression
          fexpression ::= * expression LOGICAL_XOR fexpression
          fexpression ::= * expression
          expression ::= * term PLUS expression
          expression ::= * term MINUS expression
          expression ::= * term
          term ::= * term MUL term
          term ::= * term DIV term
          term ::= * term MOD term
          term ::= * term EXP term
          term ::= * signedFactor
          signedFactor ::= * PLUS factor
          signedFactor ::= * MINUS factor
          signedFactor ::= * LOGICAL_NOT factor
          signedFactor ::= * factor
          factor ::= * LPAREN fexpression RPAREN
          factor ::= * IDENTIFIER
          factor ::= * INTEGER
          factor ::= * FLOAT

                        LPAREN shift  18
                    IDENTIFIER shift  74
                          PLUS shift  31
                         MINUS shift  30
                   LOGICAL_NOT shift  29
                       INTEGER shift  73
                         FLOAT shift  72
                   fexpression shift  61
                    expression shift  32
                          term shift  33
                  signedFactor shift  77
                        factor shift  70

State 12:
          fexpression ::= * expression LOGICAL_EQ fexpression
          fexpression ::= * expression LOGICAL_NE fexpression
          fexpression ::= * expression LOGICAL_GT fexpression
          fexpression ::= * expression LOGICAL_LT fexpression
          fexpression ::= * expression LOGICAL_GTE fexpression
          fexpression ::= * expression LOGICAL_LTE fexpression
          fexpression ::= * expression LOGICAL_AND fexpression
          fexpression ::= expression LOGICAL_AND * fexpression
          fexpression ::= * expression LOGICAL_OR fexpression
          fexpression ::= * expression LOGICAL_XOR fexpression
          fexpression ::= * expression
          expression ::= * term PLUS expression
          expression ::= * term MINUS expression
          expression ::= * term
          term ::= * term MUL term
          term ::= * term DIV term
          term ::= * term MOD term
          term ::= * term EXP term
          term ::= * signedFactor
          signedFactor ::= * PLUS factor
          signedFactor ::= * MINUS factor
          signedFactor ::= * LOGICAL_NOT factor
          signedFactor ::= * factor
          factor ::= * LPAREN fexpression RPAREN
          factor ::= * IDENTIFIER
          factor ::= * INTEGER
          factor ::= * FLOAT

                        LPAREN shift  18
                    IDENTIFIER shift  74
                          PLUS shift  31
                         MINUS shift  30
                   LOGICAL_NOT shift  29
                       INTEGER shift  73
                         FLOAT shift  72
                   fexpression shift  62
                    expression shift  32
                          term shift  33
                  signedFactor shift  77
                        factor shift  70

State 13:
          fexpression ::= * expression LOGICAL_EQ fexpression
          fexpression ::= * expression LOGICAL_NE fexpression
          fexpression ::= * expression LOGICAL_GT fexpression
          fexpression ::= * expression LOGICAL_LT fexpression
          fexpression ::= * expression LOGICAL_GTE fexpression
          fexpression ::= * expression LOGICAL_LTE fexpression
          fexpression ::= expression LOGICAL_LTE * fexpression
          fexpression ::= * expression LOGICAL_AND fexpression
          fexpression ::= * expression LOGICAL_OR fexpression
          fexpression ::= * expression LOGICAL_XOR fexpression
          fexpression ::= * expression
          expression ::= * term PLUS expression
          expression ::= * term MINUS expression
          expression ::= * term
          term ::= * term MUL term
          term ::= * term DIV term
          term ::= * term MOD term
          term ::= * term EXP term
          term ::= * signedFactor
          signedFactor ::= * PLUS factor
          signedFactor ::= * MINUS factor
          signedFactor ::= * LOGICAL_NOT factor
          signedFactor ::= * factor
          factor ::= * LPAREN fexpression RPAREN
          factor ::= * IDENTIFIER
          factor ::= * INTEGER
          factor ::= * FLOAT

                        LPAREN shift  18
                    IDENTIFIER shift  74
                          PLUS shift  31
                         MINUS shift  30
                   LOGICAL_NOT shift  29
                       INTEGER shift  73
                         FLOAT shift  72
                   fexpression shift  63
                    expression shift  32
                          term shift  33
                  signedFactor shift  77
                        factor shift  70

State 14:
          fexpression ::= * expression LOGICAL_EQ fexpression
          fexpression ::= * expression LOGICAL_NE fexpression
          fexpression ::= * expression LOGICAL_GT fexpression
          fexpression ::= * expression LOGICAL_LT fexpression
          fexpression ::= * expression LOGICAL_GTE fexpression
          fexpression ::= expression LOGICAL_GTE * fexpression
          fexpression ::= * expression LOGICAL_LTE fexpression
          fexpression ::= * expression LOGICAL_AND fexpression
          fexpression ::= * expression LOGICAL_OR fexpression
          fexpression ::= * expression LOGICAL_XOR fexpression
          fexpression ::= * expression
          expression ::= * term PLUS expression
          expression ::= * term MINUS expression
          expression ::= * term
          term ::= * term MUL term
          term ::= * term DIV term
          term ::= * term MOD term
          term ::= * term EXP term
          term ::= * signedFactor
          signedFactor ::= * PLUS factor
          signedFactor ::= * MINUS factor
          signedFactor ::= * LOGICAL_NOT factor
          signedFactor ::= * factor
          factor ::= * LPAREN fexpression RPAREN
          factor ::= * IDENTIFIER
          factor ::= * INTEGER
          factor ::= * FLOAT

                        LPAREN shift  18
                    IDENTIFIER shift  74
                          PLUS shift  31
                         MINUS shift  30
                   LOGICAL_NOT shift  29
                       INTEGER shift  73
                         FLOAT shift  72
                   fexpression shift  64
                    expression shift  32
                          term shift  33
                  signedFactor shift  77
                        factor shift  70

State 15:
          fexpression ::= * expression LOGICAL_EQ fexpression
          fexpression ::= * expression LOGICAL_NE fexpression
          fexpression ::= * expression LOGICAL_GT fexpression
          fexpression ::= * expression LOGICAL_LT fexpression
          fexpression ::= expression LOGICAL_LT * fexpression
          fexpression ::= * expression LOGICAL_GTE fexpression
          fexpression ::= * expression LOGICAL_LTE fexpression
          fexpression ::= * expression LOGICAL_AND fexpression
          fexpression ::= * expression LOGICAL_OR fexpression
          fexpression ::= * expression LOGICAL_XOR fexpression
          fexpression ::= * expression
          expression ::= * term PLUS expression
          expression ::= * term MINUS expression
          expression ::= * term
          term ::= * term MUL term
          term ::= * term DIV term
          term ::= * term MOD term
          term ::= * term EXP term
          term ::= * signedFactor
          signedFactor ::= * PLUS factor
          signedFactor ::= * MINUS factor
          signedFactor ::= * LOGICAL_NOT factor
          signedFactor ::= * factor
          factor ::= * LPAREN fexpression RPAREN
          factor ::= * IDENTIFIER
          factor ::= * INTEGER
          factor ::= * FLOAT

                        LPAREN shift  18
                    IDENTIFIER shift  74
                          PLUS shift  31
                         MINUS shift  30
                   LOGICAL_NOT shift  29
                       INTEGER shift  73
                         FLOAT shift  72
                   fexpression shift  65
                    expression shift  32
                          term shift  33
                  signedFactor shift  77
                        factor shift  70

State 16:
          fexpression ::= * expression LOGICAL_EQ fexpression
          fexpression ::= * expression LOGICAL_NE fexpression
          fexpression ::= * expression LOGICAL_GT fexpression
          fexpression ::= expression LOGICAL_GT * fexpression
          fexpression ::= * expression LOGICAL_LT fexpression
          fexpression ::= * expression LOGICAL_GTE fexpression
          fexpression ::= * expression LOGICAL_LTE fexpression
          fexpression ::= * expression LOGICAL_AND fexpression
          fexpression ::= * expression LOGICAL_OR fexpression
          fexpression ::= * expression LOGICAL_XOR fexpression
          fexpression ::= * expression
          expression ::= * term PLUS expression
          expression ::= * term MINUS expression
          expression ::= * term
          term ::= * term MUL term
          term ::= * term DIV term
          term ::= * term MOD term
          term ::= * term EXP term
          term ::= * signedFactor
          signedFactor ::= * PLUS factor
          signedFactor ::= * MINUS factor
          signedFactor ::= * LOGICAL_NOT factor
          signedFactor ::= * factor
          factor ::= * LPAREN fexpression RPAREN
          factor ::= * IDENTIFIER
          factor ::= * INTEGER
          factor ::= * FLOAT

                        LPAREN shift  18
                    IDENTIFIER shift  74
                          PLUS shift  31
                         MINUS shift  30
                   LOGICAL_NOT shift  29
                       INTEGER shift  73
                         FLOAT shift  72
                   fexpression shift  66
                    expression shift  32
                          term shift  33
                  signedFactor shift  77
                        factor shift  70

State 17:
          fexpression ::= * expression LOGICAL_EQ fexpression
          fexpression ::= * expression LOGICAL_NE fexpression
          fexpression ::= expression LOGICAL_NE * fexpression
          fexpression ::= * expression LOGICAL_GT fexpression
          fexpression ::= * expression LOGICAL_LT fexpression
          fexpression ::= * expression LOGICAL_GTE fexpression
          fexpression ::= * expression LOGICAL_LTE fexpression
          fexpression ::= * expression LOGICAL_AND fexpression
          fexpression ::= * expression LOGICAL_OR fexpression
          fexpression ::= * expression LOGICAL_XOR fexpression
          fexpression ::= * expression
          expression ::= * term PLUS expression
          expression ::= * term MINUS expression
          expression ::= * term
          term ::= * term MUL term
          term ::= * term DIV term
          term ::= * term MOD term
          term ::= * term EXP term
          term ::= * signedFactor
          signedFactor ::= * PLUS factor
          signedFactor ::= * MINUS factor
          signedFactor ::= * LOGICAL_NOT factor
          signedFactor ::= * factor
          factor ::= * LPAREN fexpression RPAREN
          factor ::= * IDENTIFIER
          factor ::= * INTEGER
          factor ::= * FLOAT

                        LPAREN shift  18
                    IDENTIFIER shift  74
                          PLUS shift  31
                         MINUS shift  30
                   LOGICAL_NOT shift  29
                       INTEGER shift  73
                         FLOAT shift  72
                   fexpression shift  67
                    expression shift  32
                          term shift  33
                  signedFactor shift  77
                        factor shift  70

State 18:
          fexpression ::= * expression LOGICAL_EQ fexpression
          fexpression ::= * expression LOGICAL_NE fexpression
          fexpression ::= * expression LOGICAL_GT fexpression
          fexpression ::= * expression LOGICAL_LT fexpression
          fexpression ::= * expression LOGICAL_GTE fexpression
          fexpression ::= * expression LOGICAL_LTE fexpression
          fexpression ::= * expression LOGICAL_AND fexpression
          fexpression ::= * expression LOGICAL_OR fexpression
          fexpression ::= * expression LOGICAL_XOR fexpression
          fexpression ::= * expression
          expression ::= * term PLUS expression
          expression ::= * term MINUS expression
          expression ::= * term
          term ::= * term MUL term
          term ::= * term DIV term
          term ::= * term MOD term
          term ::= * term EXP term
          term ::= * signedFactor
          signedFactor ::= * PLUS factor
          signedFactor ::= * MINUS factor
          signedFactor ::= * LOGICAL_NOT factor
          signedFactor ::= * factor
          factor ::= * LPAREN fexpression RPAREN
          factor ::= LPAREN * fexpression RPAREN
          factor ::= * IDENTIFIER
          factor ::= * INTEGER
          factor ::= * FLOAT

                        LPAREN shift  18
                    IDENTIFIER shift  74
                          PLUS shift  31
                         MINUS shift  30
                   LOGICAL_NOT shift  29
                       INTEGER shift  73
                         FLOAT shift  72
                   fexpression shift  41
                    expression shift  32
                          term shift  33
                  signedFactor shift  77
                        factor shift  70

State 19:
          fexpression ::= * expression LOGICAL_EQ fexpression
          fexpression ::= expression LOGICAL_EQ * fexpression
          fexpression ::= * expression LOGICAL_NE fexpression
          fexpression ::= * expression LOGICAL_GT fexpression
          fexpression ::= * expression LOGICAL_LT fexpression
          fexpression ::= * expression LOGICAL_GTE fexpression
          fexpression ::= * expression LOGICAL_LTE fexpression
          fexpression ::= * expression LOGICAL_AND fexpression
          fexpression ::= * expression LOGICAL_OR fexpression
          fexpression ::= * expression LOGICAL_XOR fexpression
          fexpression ::= * expression
          expression ::= * term PLUS expression
          expression ::= * term MINUS expression
          expression ::= * term
          term ::= * term MUL term
          term ::= * term DIV term
          term ::= * term MOD term
          term ::= * term EXP term
          term ::= * signedFactor
          signedFactor ::= * PLUS factor
          signedFactor ::= * MINUS factor
          signedFactor ::= * LOGICAL_NOT factor
          signedFactor ::= * factor
          factor ::= * LPAREN fexpression RPAREN
          factor ::= * IDENTIFIER
          factor ::= * INTEGER
          factor ::= * FLOAT

                        LPAREN shift  18
                    IDENTIFIER shift  74
                          PLUS shift  31
                         MINUS shift  30
                   LOGICAL_NOT shift  29
                       INTEGER shift  73
                         FLOAT shift  72
                   fexpression shift  79
                    expression shift  32
                          term shift  33
                  signedFactor shift  77
                        factor shift  70

State 20:
          statement ::= definition EQUAL * fexpression
          fexpression ::= * expression LOGICAL_EQ fexpression
          fexpression ::= * expression LOGICAL_NE fexpression
          fexpression ::= * expression LOGICAL_GT fexpression
          fexpression ::= * expression LOGICAL_LT fexpression
          fexpression ::= * expression LOGICAL_GTE fexpression
          fexpression ::= * expression LOGICAL_LTE fexpression
          fexpression ::= * expression LOGICAL_AND fexpression
          fexpression ::= * expression LOGICAL_OR fexpression
          fexpression ::= * expression LOGICAL_XOR fexpression
          fexpression ::= * expression
          expression ::= * term PLUS expression
          expression ::= * term MINUS expression
          expression ::= * term
          term ::= * term MUL term
          term ::= * term DIV term
          term ::= * term MOD term
          term ::= * term EXP term
          term ::= * signedFactor
          signedFactor ::= * PLUS factor
          signedFactor ::= * MINUS factor
          signedFactor ::= * LOGICAL_NOT factor
          signedFactor ::= * factor
          factor ::= * LPAREN fexpression RPAREN
          factor ::= * IDENTIFIER
          factor ::= * INTEGER
          factor ::= * FLOAT

                        LPAREN shift  18
                    IDENTIFIER shift  74
                          PLUS shift  31
                         MINUS shift  30
                   LOGICAL_NOT shift  29
                       INTEGER shift  73
                         FLOAT shift  72
                   fexpression shift  80
                    expression shift  32
                          term shift  33
                  signedFactor shift  77
                        factor shift  70

State 21:
          flowstatement ::= KEYWORD_WHILE LPAREN * fexpression RPAREN LCURLY statementgroup RCURLY
          fexpression ::= * expression LOGICAL_EQ fexpression
          fexpression ::= * expression LOGICAL_NE fexpression
          fexpression ::= * expression LOGICAL_GT fexpression
          fexpression ::= * expression LOGICAL_LT fexpression
          fexpression ::= * expression LOGICAL_GTE fexpression
          fexpression ::= * expression LOGICAL_LTE fexpression
          fexpression ::= * expression LOGICAL_AND fexpression
          fexpression ::= * expression LOGICAL_OR fexpression
          fexpression ::= * expression LOGICAL_XOR fexpression
          fexpression ::= * expression
          expression ::= * term PLUS expression
          expression ::= * term MINUS expression
          expression ::= * term
          term ::= * term MUL term
          term ::= * term DIV term
          term ::= * term MOD term
          term ::= * term EXP term
          term ::= * signedFactor
          signedFactor ::= * PLUS factor
          signedFactor ::= * MINUS factor
          signedFactor ::= * LOGICAL_NOT factor
          signedFactor ::= * factor
          factor ::= * LPAREN fexpression RPAREN
          factor ::= * IDENTIFIER
          factor ::= * INTEGER
          factor ::= * FLOAT

                        LPAREN shift  18
                    IDENTIFIER shift  74
                          PLUS shift  31
                         MINUS shift  30
                   LOGICAL_NOT shift  29
                       INTEGER shift  73
                         FLOAT shift  72
                   fexpression shift  44
                    expression shift  32
                          term shift  33
                  signedFactor shift  77
                        factor shift  70

State 22:
          flowstatement ::= KEYWORD_IF LPAREN * fexpression RPAREN LCURLY statementgroup RCURLY
          flowstatement ::= KEYWORD_IF LPAREN * fexpression RPAREN LCURLY statementgroup RCURLY KEYWORD_ELSE LCURLY statementgroup RCURLY
          fexpression ::= * expression LOGICAL_EQ fexpression
          fexpression ::= * expression LOGICAL_NE fexpression
          fexpression ::= * expression LOGICAL_GT fexpression
          fexpression ::= * expression LOGICAL_LT fexpression
          fexpression ::= * expression LOGICAL_GTE fexpression
          fexpression ::= * expression LOGICAL_LTE fexpression
          fexpression ::= * expression LOGICAL_AND fexpression
          fexpression ::= * expression LOGICAL_OR fexpression
          fexpression ::= * expression LOGICAL_XOR fexpression
          fexpression ::= * expression
          expression ::= * term PLUS expression
          expression ::= * term MINUS expression
          expression ::= * term
          term ::= * term MUL term
          term ::= * term DIV term
          term ::= * term MOD term
          term ::= * term EXP term
          term ::= * signedFactor
          signedFactor ::= * PLUS factor
          signedFactor ::= * MINUS factor
          signedFactor ::= * LOGICAL_NOT factor
          signedFactor ::= * factor
          factor ::= * LPAREN fexpression RPAREN
          factor ::= * IDENTIFIER
          factor ::= * INTEGER
          factor ::= * FLOAT

                        LPAREN shift  18
                    IDENTIFIER shift  74
                          PLUS shift  31
                         MINUS shift  30
                   LOGICAL_NOT shift  29
                       INTEGER shift  73
                         FLOAT shift  72
                   fexpression shift  49
                    expression shift  32
                          term shift  33
                  signedFactor shift  77
                        factor shift  70

State 23:
          expression ::= * term PLUS expression
          expression ::= * term MINUS expression
          expression ::= term MINUS * expression
          expression ::= * term
          term ::= * term MUL term
          term ::= * term DIV term
          term ::= * term MOD term
          term ::= * term EXP term
          term ::= * signedFactor
          signedFactor ::= * PLUS factor
          signedFactor ::= * MINUS factor
          signedFactor ::= * LOGICAL_NOT factor
          signedFactor ::= * factor
          factor ::= * LPAREN fexpression RPAREN
          factor ::= * IDENTIFIER
          factor ::= * INTEGER
          factor ::= * FLOAT

                        LPAREN shift  18
                    IDENTIFIER shift  74
                          PLUS shift  31
                         MINUS shift  30
                   LOGICAL_NOT shift  29
                       INTEGER shift  73
                         FLOAT shift  72
                    expression shift  68
                          term shift  33
                  signedFactor shift  77
                        factor shift  70

State 24:
          expression ::= * term PLUS expression
          expression ::= term PLUS * expression
          expression ::= * term MINUS expression
          expression ::= * term
          term ::= * term MUL term
          term ::= * term DIV term
          term ::= * term MOD term
          term ::= * term EXP term
          term ::= * signedFactor
          signedFactor ::= * PLUS factor
          signedFactor ::= * MINUS factor
          signedFactor ::= * LOGICAL_NOT factor
          signedFactor ::= * factor
          factor ::= * LPAREN fexpression RPAREN
          factor ::= * IDENTIFIER
          factor ::= * INTEGER
          factor ::= * FLOAT

                        LPAREN shift  18
                    IDENTIFIER shift  74
                          PLUS shift  31
                         MINUS shift  30
                   LOGICAL_NOT shift  29
                       INTEGER shift  73
                         FLOAT shift  72
                    expression shift  78
                          term shift  33
                  signedFactor shift  77
                        factor shift  70

State 25:
          term ::= * term MUL term
          term ::= * term DIV term
          term ::= * term MOD term
          term ::= * term EXP term
          term ::= term EXP * term
          term ::= * signedFactor
          signedFactor ::= * PLUS factor
          signedFactor ::= * MINUS factor
          signedFactor ::= * LOGICAL_NOT factor
          signedFactor ::= * factor
          factor ::= * LPAREN fexpression RPAREN
          factor ::= * IDENTIFIER
          factor ::= * INTEGER
          factor ::= * FLOAT

                        LPAREN shift  18
                    IDENTIFIER shift  74
                          PLUS shift  31
                         MINUS shift  30
                   LOGICAL_NOT shift  29
                       INTEGER shift  73
                         FLOAT shift  72
                          term shift  37
                  signedFactor shift  77
                        factor shift  70

State 26:
          term ::= * term MUL term
          term ::= * term DIV term
          term ::= * term MOD term
          term ::= term MOD * term
          term ::= * term EXP term
          term ::= * signedFactor
          signedFactor ::= * PLUS factor
          signedFactor ::= * MINUS factor
          signedFactor ::= * LOGICAL_NOT factor
          signedFactor ::= * factor
          factor ::= * LPAREN fexpression RPAREN
          factor ::= * IDENTIFIER
          factor ::= * INTEGER
          factor ::= * FLOAT

                        LPAREN shift  18
                    IDENTIFIER shift  74
                          PLUS shift  31
                         MINUS shift  30
                   LOGICAL_NOT shift  29
                       INTEGER shift  73
                         FLOAT shift  72
                          term shift  38
                  signedFactor shift  77
                        factor shift  70

State 27:
          term ::= * term MUL term
          term ::= * term DIV term
          term ::= term DIV * term
          term ::= * term MOD term
          term ::= * term EXP term
          term ::= * signedFactor
          signedFactor ::= * PLUS factor
          signedFactor ::= * MINUS factor
          signedFactor ::= * LOGICAL_NOT factor
          signedFactor ::= * factor
          factor ::= * LPAREN fexpression RPAREN
          factor ::= * IDENTIFIER
          factor ::= * INTEGER
          factor ::= * FLOAT

                        LPAREN shift  18
                    IDENTIFIER shift  74
                          PLUS shift  31
                         MINUS shift  30
                   LOGICAL_NOT shift  29
                       INTEGER shift  73
                         FLOAT shift  72
                          term shift  39
                  signedFactor shift  77
                        factor shift  70

State 28:
          term ::= * term MUL term
          term ::= term MUL * term
          term ::= * term DIV term
          term ::= * term MOD term
          term ::= * term EXP term
          term ::= * signedFactor
          signedFactor ::= * PLUS factor
          signedFactor ::= * MINUS factor
          signedFactor ::= * LOGICAL_NOT factor
          signedFactor ::= * factor
          factor ::= * LPAREN fexpression RPAREN
          factor ::= * IDENTIFIER
          factor ::= * INTEGER
          factor ::= * FLOAT

                        LPAREN shift  18
                    IDENTIFIER shift  74
                          PLUS shift  31
                         MINUS shift  30
                   LOGICAL_NOT shift  29
                       INTEGER shift  73
                         FLOAT shift  72
                          term shift  40
                  signedFactor shift  77
                        factor shift  70

State 29:
          signedFactor ::= LOGICAL_NOT * factor
          factor ::= * LPAREN fexpression RPAREN
          factor ::= * IDENTIFIER
          factor ::= * INTEGER
          factor ::= * FLOAT

                        LPAREN shift  18
                    IDENTIFIER shift  74
                       INTEGER shift  73
                         FLOAT shift  72
                        factor shift  71

State 30:
          signedFactor ::= MINUS * factor
          factor ::= * LPAREN fexpression RPAREN
          factor ::= * IDENTIFIER
          factor ::= * INTEGER
          factor ::= * FLOAT

                        LPAREN shift  18
                    IDENTIFIER shift  74
                       INTEGER shift  73
                         FLOAT shift  72
                        factor shift  75

State 31:
          signedFactor ::= PLUS * factor
          factor ::= * LPAREN fexpression RPAREN
          factor ::= * IDENTIFIER
          factor ::= * INTEGER
          factor ::= * FLOAT

                        LPAREN shift  18
                    IDENTIFIER shift  74
                       INTEGER shift  73
                         FLOAT shift  72
                        factor shift  76

State 32:
          fexpression ::= expression * LOGICAL_EQ fexpression
          fexpression ::= expression * LOGICAL_NE fexpression
          fexpression ::= expression * LOGICAL_GT fexpression
          fexpression ::= expression * LOGICAL_LT fexpression
          fexpression ::= expression * LOGICAL_GTE fexpression
          fexpression ::= expression * LOGICAL_LTE fexpression
          fexpression ::= expression * LOGICAL_AND fexpression
          fexpression ::= expression * LOGICAL_OR fexpression
          fexpression ::= expression * LOGICAL_XOR fexpression
     (25) fexpression ::= expression *

                    LOGICAL_EQ shift  19
                    LOGICAL_NE shift  17
                    LOGICAL_GT shift  16
                    LOGICAL_LT shift  15
                   LOGICAL_GTE shift  14
                   LOGICAL_LTE shift  13
                   LOGICAL_AND shift  12
                    LOGICAL_OR shift  11
                   LOGICAL_XOR shift  10
                     {default} reduce 25

State 33:
          expression ::= term * PLUS expression
          expression ::= term * MINUS expression
     (28) expression ::= term *
          term ::= term * MUL term
          term ::= term * DIV term
          term ::= term * MOD term
          term ::= term * EXP term

                          PLUS shift  24
                         MINUS shift  23
                           MUL shift  28
                           DIV shift  27
                           MOD shift  26
                           EXP shift  25
                     {default} reduce 28

State 34:
          statementgroup ::= statement * SEMICOLON

                     SEMICOLON shift  52

State 35:
          definition ::= datatype * IDENTIFIER

                    IDENTIFIER shift  56

State 36:
          statement ::= IDENTIFIER * EQUAL fexpression
     (39) factor ::= IDENTIFIER *

                         EQUAL shift  9
                     {default} reduce 39

State 37:
          term ::= term * MUL term
          term ::= term * DIV term
          term ::= term * MOD term
          term ::= term * EXP term
     (32) term ::= term EXP term *

                           EXP shift  25
                     {default} reduce 32

State 38:
          term ::= term * MUL term
          term ::= term * DIV term
          term ::= term * MOD term
     (31) term ::= term MOD term *
          term ::= term * EXP term

                           EXP shift  25
                     {default} reduce 31

State 39:
          term ::= term * MUL term
          term ::= term * DIV term
     (30) term ::= term DIV term *
          term ::= term * MOD term
          term ::= term * EXP term

                           EXP shift  25
                     {default} reduce 30

State 40:
          term ::= term * MUL term
     (29) term ::= term MUL term *
          term ::= term * DIV term
          term ::= term * MOD term
          term ::= term * EXP term

                           EXP shift  25
                     {default} reduce 29

State 41:
          factor ::= LPAREN fexpression * RPAREN

                        RPAREN shift  69

State 42:
          statement ::= definition * EQUAL fexpression
      (9) statement ::= definition *

                         EQUAL shift  20
                     {default} reduce 9

State 43:
          flowstatement ::= KEYWORD_WHILE LPAREN fexpression RPAREN * LCURLY statementgroup RCURLY

                        LCURLY shift  1

State 44:
          flowstatement ::= KEYWORD_WHILE LPAREN fexpression * RPAREN LCURLY statementgroup RCURLY

                        RPAREN shift  43

State 45:
          flowstatement ::= KEYWORD_WHILE * LPAREN fexpression RPAREN LCURLY statementgroup RCURLY

                        LPAREN shift  21

State 46:
          flowstatement ::= KEYWORD_IF LPAREN fexpression RPAREN LCURLY statementgroup RCURLY KEYWORD_ELSE * LCURLY statementgroup RCURLY

                        LCURLY shift  2

State 47:
      (5) flowstatement ::= KEYWORD_IF LPAREN fexpression RPAREN LCURLY statementgroup RCURLY *
          flowstatement ::= KEYWORD_IF LPAREN fexpression RPAREN LCURLY statementgroup RCURLY * KEYWORD_ELSE LCURLY statementgroup RCURLY

                  KEYWORD_ELSE shift  46
                     {default} reduce 5

State 48:
          flowstatement ::= KEYWORD_IF LPAREN fexpression RPAREN * LCURLY statementgroup RCURLY
          flowstatement ::= KEYWORD_IF LPAREN fexpression RPAREN * LCURLY statementgroup RCURLY KEYWORD_ELSE LCURLY statementgroup RCURLY

                        LCURLY shift  3

State 49:
          flowstatement ::= KEYWORD_IF LPAREN fexpression * RPAREN LCURLY statementgroup RCURLY
          flowstatement ::= KEYWORD_IF LPAREN fexpression * RPAREN LCURLY statementgroup RCURLY KEYWORD_ELSE LCURLY statementgroup RCURLY

                        RPAREN shift  48

State 50:
          flowstatement ::= KEYWORD_IF * LPAREN fexpression RPAREN LCURLY statementgroup RCURLY
          flowstatement ::= KEYWORD_IF * LPAREN fexpression RPAREN LCURLY statementgroup RCURLY KEYWORD_ELSE LCURLY statementgroup RCURLY

                        LPAREN shift  22

State 51:
          statementgroup ::= statementgroup statement * SEMICOLON

                     SEMICOLON shift  84

State 52:
      (4) statementgroup ::= statement SEMICOLON *

                     {default} reduce 4

State 53:
      (3) statementgroup ::= flowstatement *

                     {default} reduce 3

State 54:
     (15) datatype ::= KEYWORD_FLOAT *

                     {default} reduce 15

State 55:
     (14) datatype ::= KEYWORD_INTEGER *

                     {default} reduce 14

State 56:
     (13) definition ::= datatype IDENTIFIER *

                     {default} reduce 13

State 57:
     (12) statement ::= KEYWORD_PRINT fexpression *

                     {default} reduce 12

State 58:
     (11) statement ::= fexpression *

                     {default} reduce 11

State 59:
     (10) statement ::= IDENTIFIER EQUAL fexpression *

                     {default} reduce 10

State 60:
     (24) fexpression ::= expression LOGICAL_XOR fexpression *

                     {default} reduce 24

State 61:
     (23) fexpression ::= expression LOGICAL_OR fexpression *

                     {default} reduce 23

State 62:
     (22) fexpression ::= expression LOGICAL_AND fexpression *

                     {default} reduce 22

State 63:
     (21) fexpression ::= expression LOGICAL_LTE fexpression *

                     {default} reduce 21

State 64:
     (20) fexpression ::= expression LOGICAL_GTE fexpression *

                     {default} reduce 20

State 65:
     (19) fexpression ::= expression LOGICAL_LT fexpression *

                     {default} reduce 19

State 66:
     (18) fexpression ::= expression LOGICAL_GT fexpression *

                     {default} reduce 18

State 67:
     (17) fexpression ::= expression LOGICAL_NE fexpression *

                     {default} reduce 17

State 68:
     (27) expression ::= term MINUS expression *

                     {default} reduce 27

State 69:
     (38) factor ::= LPAREN fexpression RPAREN *

                     {default} reduce 38

State 70:
     (37) signedFactor ::= factor *

                     {default} reduce 37

State 71:
     (36) signedFactor ::= LOGICAL_NOT factor *

                     {default} reduce 36

State 72:
     (41) factor ::= FLOAT *

                     {default} reduce 41

State 73:
     (40) factor ::= INTEGER *

                     {default} reduce 40

State 74:
     (39) factor ::= IDENTIFIER *

                     {default} reduce 39

State 75:
     (35) signedFactor ::= MINUS factor *

                     {default} reduce 35

State 76:
     (34) signedFactor ::= PLUS factor *

                     {default} reduce 34

State 77:
     (33) term ::= signedFactor *

                     {default} reduce 33

State 78:
     (26) expression ::= term PLUS expression *

                     {default} reduce 26

State 79:
     (16) fexpression ::= expression LOGICAL_EQ fexpression *

                     {default} reduce 16

State 80:
      (8) statement ::= definition EQUAL fexpression *

                     {default} reduce 8

State 81:
      (7) flowstatement ::= KEYWORD_WHILE LPAREN fexpression RPAREN LCURLY statementgroup RCURLY *

                     {default} reduce 7

State 82:
      (6) flowstatement ::= KEYWORD_IF LPAREN fexpression RPAREN LCURLY statementgroup RCURLY KEYWORD_ELSE LCURLY statementgroup RCURLY *

                     {default} reduce 6

State 83:
      (2) statementgroup ::= statementgroup flowstatement *

                     {default} reduce 2

State 84:
      (1) statementgroup ::= statementgroup statement SEMICOLON *

                     {default} reduce 1

----------------------------------------------------
Symbols:
    0: $:
    1: SEMICOLON
    2: KEYWORD_IF
    3: LPAREN
    4: RPAREN
    5: LCURLY
    6: RCURLY
    7: KEYWORD_ELSE
    8: KEYWORD_WHILE
    9: EQUAL
   10: IDENTIFIER
   11: KEYWORD_PRINT
   12: KEYWORD_INTEGER
   13: KEYWORD_FLOAT
   14: LOGICAL_EQ
   15: LOGICAL_NE
   16: LOGICAL_GT
   17: LOGICAL_LT
   18: LOGICAL_GTE
   19: LOGICAL_LTE
   20: LOGICAL_AND
   21: LOGICAL_OR
   22: LOGICAL_XOR
   23: PLUS
   24: MINUS
   25: MUL
   26: DIV
   27: MOD
   28: EXP
   29: LOGICAL_NOT
   30: INTEGER
   31: FLOAT
   32: error:
   33: statementgroup: KEYWORD_IF LPAREN KEYWORD_WHILE IDENTIFIER KEYWORD_PRINT KEYWORD_INTEGER KEYWORD_FLOAT PLUS MINUS LOGICAL_NOT INTEGER FLOAT
   34: statement: LPAREN IDENTIFIER KEYWORD_PRINT KEYWORD_INTEGER KEYWORD_FLOAT PLUS MINUS LOGICAL_NOT INTEGER FLOAT
   35: flowstatement: KEYWORD_IF KEYWORD_WHILE
   36: fexpression: LPAREN IDENTIFIER PLUS MINUS LOGICAL_NOT INTEGER FLOAT
   37: expression: LPAREN IDENTIFIER PLUS MINUS LOGICAL_NOT INTEGER FLOAT
   38: definition: KEYWORD_INTEGER KEYWORD_FLOAT
   39: datatype: KEYWORD_INTEGER KEYWORD_FLOAT
   40: term: LPAREN IDENTIFIER PLUS MINUS LOGICAL_NOT INTEGER FLOAT
   41: signedFactor: LPAREN IDENTIFIER PLUS MINUS LOGICAL_NOT INTEGER FLOAT
   42: factor: LPAREN IDENTIFIER INTEGER FLOAT
   43: program: KEYWORD_IF LPAREN KEYWORD_WHILE IDENTIFIER KEYWORD_PRINT KEYWORD_INTEGER KEYWORD_FLOAT PLUS MINUS LOGICAL_NOT INTEGER FLOAT
