State 0:
          program ::= * statementgroup
          statementgroup ::= * statementgroup statement SEMICOLON
          statementgroup ::= * statement SEMICOLON
          statement ::= * IF LPAREN expression RPAREN LCURLY statementgroup RCURLY
          statement ::= * definition EQUAL expression
          statement ::= * definition
          statement ::= * expression
          statement ::= * KEYWORD_PRINT expression
          definition ::= * datatype IDENTIFIER
          datatype ::= * KEYWORD_INTEGER
          datatype ::= * KEYWORD_FLOAT
          expression ::= * term PLUS expression
          expression ::= * term MINUS expression
          expression ::= * term
          term ::= * term MUL term
          term ::= * term DIV term
          term ::= * term MOD term
          term ::= * term EXP term
          term ::= * signedFactor
          signedFactor ::= * PLUS factor
          signedFactor ::= * MINUS factor
          signedFactor ::= * factor
          factor ::= * LPAREN expression RPAREN
          factor ::= * SYMBOL
          factor ::= * INTEGER
          factor ::= * FLOAT

                            IF shift  27
                        LPAREN shift  6
                 KEYWORD_PRINT shift  4
               KEYWORD_INTEGER shift  31
                 KEYWORD_FLOAT shift  30
                          PLUS shift  15
                         MINUS shift  14
                        SYMBOL shift  40
                       INTEGER shift  39
                         FLOAT shift  38
                       program accept
                statementgroup shift  3
                     statement shift  17
                    expression shift  34
                    definition shift  24
                      datatype shift  18
                          term shift  16
                  signedFactor shift  43
                        factor shift  37

State 1:
          statementgroup ::= * statementgroup statement SEMICOLON
          statementgroup ::= * statement SEMICOLON
          statement ::= * IF LPAREN expression RPAREN LCURLY statementgroup RCURLY
          statement ::= IF LPAREN expression RPAREN LCURLY * statementgroup RCURLY
          statement ::= * definition EQUAL expression
          statement ::= * definition
          statement ::= * expression
          statement ::= * KEYWORD_PRINT expression
          definition ::= * datatype IDENTIFIER
          datatype ::= * KEYWORD_INTEGER
          datatype ::= * KEYWORD_FLOAT
          expression ::= * term PLUS expression
          expression ::= * term MINUS expression
          expression ::= * term
          term ::= * term MUL term
          term ::= * term DIV term
          term ::= * term MOD term
          term ::= * term EXP term
          term ::= * signedFactor
          signedFactor ::= * PLUS factor
          signedFactor ::= * MINUS factor
          signedFactor ::= * factor
          factor ::= * LPAREN expression RPAREN
          factor ::= * SYMBOL
          factor ::= * INTEGER
          factor ::= * FLOAT

                            IF shift  27
                        LPAREN shift  6
                 KEYWORD_PRINT shift  4
               KEYWORD_INTEGER shift  31
                 KEYWORD_FLOAT shift  30
                          PLUS shift  15
                         MINUS shift  14
                        SYMBOL shift  40
                       INTEGER shift  39
                         FLOAT shift  38
                statementgroup shift  2
                     statement shift  17
                    expression shift  34
                    definition shift  24
                      datatype shift  18
                          term shift  16
                  signedFactor shift  43
                        factor shift  37

State 2:
          statementgroup ::= statementgroup * statement SEMICOLON
          statement ::= * IF LPAREN expression RPAREN LCURLY statementgroup RCURLY
          statement ::= IF LPAREN expression RPAREN LCURLY statementgroup * RCURLY
          statement ::= * definition EQUAL expression
          statement ::= * definition
          statement ::= * expression
          statement ::= * KEYWORD_PRINT expression
          definition ::= * datatype IDENTIFIER
          datatype ::= * KEYWORD_INTEGER
          datatype ::= * KEYWORD_FLOAT
          expression ::= * term PLUS expression
          expression ::= * term MINUS expression
          expression ::= * term
          term ::= * term MUL term
          term ::= * term DIV term
          term ::= * term MOD term
          term ::= * term EXP term
          term ::= * signedFactor
          signedFactor ::= * PLUS factor
          signedFactor ::= * MINUS factor
          signedFactor ::= * factor
          factor ::= * LPAREN expression RPAREN
          factor ::= * SYMBOL
          factor ::= * INTEGER
          factor ::= * FLOAT

                            IF shift  27
                        LPAREN shift  6
                        RCURLY shift  46
                 KEYWORD_PRINT shift  4
               KEYWORD_INTEGER shift  31
                 KEYWORD_FLOAT shift  30
                          PLUS shift  15
                         MINUS shift  14
                        SYMBOL shift  40
                       INTEGER shift  39
                         FLOAT shift  38
                     statement shift  28
                    expression shift  34
                    definition shift  24
                      datatype shift  18
                          term shift  16
                  signedFactor shift  43
                        factor shift  37

State 3:
      (0) program ::= statementgroup *
          statementgroup ::= statementgroup * statement SEMICOLON
          statement ::= * IF LPAREN expression RPAREN LCURLY statementgroup RCURLY
          statement ::= * definition EQUAL expression
          statement ::= * definition
          statement ::= * expression
          statement ::= * KEYWORD_PRINT expression
          definition ::= * datatype IDENTIFIER
          datatype ::= * KEYWORD_INTEGER
          datatype ::= * KEYWORD_FLOAT
          expression ::= * term PLUS expression
          expression ::= * term MINUS expression
          expression ::= * term
          term ::= * term MUL term
          term ::= * term DIV term
          term ::= * term MOD term
          term ::= * term EXP term
          term ::= * signedFactor
          signedFactor ::= * PLUS factor
          signedFactor ::= * MINUS factor
          signedFactor ::= * factor
          factor ::= * LPAREN expression RPAREN
          factor ::= * SYMBOL
          factor ::= * INTEGER
          factor ::= * FLOAT

                             $ reduce 0
                            IF shift  27
                        LPAREN shift  6
                 KEYWORD_PRINT shift  4
               KEYWORD_INTEGER shift  31
                 KEYWORD_FLOAT shift  30
                          PLUS shift  15
                         MINUS shift  14
                        SYMBOL shift  40
                       INTEGER shift  39
                         FLOAT shift  38
                     statement shift  28
                    expression shift  34
                    definition shift  24
                      datatype shift  18
                          term shift  16
                  signedFactor shift  43
                        factor shift  37

State 4:
          statement ::= KEYWORD_PRINT * expression
          expression ::= * term PLUS expression
          expression ::= * term MINUS expression
          expression ::= * term
          term ::= * term MUL term
          term ::= * term DIV term
          term ::= * term MOD term
          term ::= * term EXP term
          term ::= * signedFactor
          signedFactor ::= * PLUS factor
          signedFactor ::= * MINUS factor
          signedFactor ::= * factor
          factor ::= * LPAREN expression RPAREN
          factor ::= * SYMBOL
          factor ::= * INTEGER
          factor ::= * FLOAT

                        LPAREN shift  6
                          PLUS shift  15
                         MINUS shift  14
                        SYMBOL shift  40
                       INTEGER shift  39
                         FLOAT shift  38
                    expression shift  33
                          term shift  16
                  signedFactor shift  43
                        factor shift  37

State 5:
          expression ::= * term PLUS expression
          expression ::= * term MINUS expression
          expression ::= term MINUS * expression
          expression ::= * term
          term ::= * term MUL term
          term ::= * term DIV term
          term ::= * term MOD term
          term ::= * term EXP term
          term ::= * signedFactor
          signedFactor ::= * PLUS factor
          signedFactor ::= * MINUS factor
          signedFactor ::= * factor
          factor ::= * LPAREN expression RPAREN
          factor ::= * SYMBOL
          factor ::= * INTEGER
          factor ::= * FLOAT

                        LPAREN shift  6
                          PLUS shift  15
                         MINUS shift  14
                        SYMBOL shift  40
                       INTEGER shift  39
                         FLOAT shift  38
                    expression shift  35
                          term shift  16
                  signedFactor shift  43
                        factor shift  37

State 6:
          expression ::= * term PLUS expression
          expression ::= * term MINUS expression
          expression ::= * term
          term ::= * term MUL term
          term ::= * term DIV term
          term ::= * term MOD term
          term ::= * term EXP term
          term ::= * signedFactor
          signedFactor ::= * PLUS factor
          signedFactor ::= * MINUS factor
          signedFactor ::= * factor
          factor ::= * LPAREN expression RPAREN
          factor ::= LPAREN * expression RPAREN
          factor ::= * SYMBOL
          factor ::= * INTEGER
          factor ::= * FLOAT

                        LPAREN shift  6
                          PLUS shift  15
                         MINUS shift  14
                        SYMBOL shift  40
                       INTEGER shift  39
                         FLOAT shift  38
                    expression shift  23
                          term shift  16
                  signedFactor shift  43
                        factor shift  37

State 7:
          expression ::= * term PLUS expression
          expression ::= term PLUS * expression
          expression ::= * term MINUS expression
          expression ::= * term
          term ::= * term MUL term
          term ::= * term DIV term
          term ::= * term MOD term
          term ::= * term EXP term
          term ::= * signedFactor
          signedFactor ::= * PLUS factor
          signedFactor ::= * MINUS factor
          signedFactor ::= * factor
          factor ::= * LPAREN expression RPAREN
          factor ::= * SYMBOL
          factor ::= * INTEGER
          factor ::= * FLOAT

                        LPAREN shift  6
                          PLUS shift  15
                         MINUS shift  14
                        SYMBOL shift  40
                       INTEGER shift  39
                         FLOAT shift  38
                    expression shift  44
                          term shift  16
                  signedFactor shift  43
                        factor shift  37

State 8:
          statement ::= definition EQUAL * expression
          expression ::= * term PLUS expression
          expression ::= * term MINUS expression
          expression ::= * term
          term ::= * term MUL term
          term ::= * term DIV term
          term ::= * term MOD term
          term ::= * term EXP term
          term ::= * signedFactor
          signedFactor ::= * PLUS factor
          signedFactor ::= * MINUS factor
          signedFactor ::= * factor
          factor ::= * LPAREN expression RPAREN
          factor ::= * SYMBOL
          factor ::= * INTEGER
          factor ::= * FLOAT

                        LPAREN shift  6
                          PLUS shift  15
                         MINUS shift  14
                        SYMBOL shift  40
                       INTEGER shift  39
                         FLOAT shift  38
                    expression shift  45
                          term shift  16
                  signedFactor shift  43
                        factor shift  37

State 9:
          statement ::= IF LPAREN * expression RPAREN LCURLY statementgroup RCURLY
          expression ::= * term PLUS expression
          expression ::= * term MINUS expression
          expression ::= * term
          term ::= * term MUL term
          term ::= * term DIV term
          term ::= * term MOD term
          term ::= * term EXP term
          term ::= * signedFactor
          signedFactor ::= * PLUS factor
          signedFactor ::= * MINUS factor
          signedFactor ::= * factor
          factor ::= * LPAREN expression RPAREN
          factor ::= * SYMBOL
          factor ::= * INTEGER
          factor ::= * FLOAT

                        LPAREN shift  6
                          PLUS shift  15
                         MINUS shift  14
                        SYMBOL shift  40
                       INTEGER shift  39
                         FLOAT shift  38
                    expression shift  26
                          term shift  16
                  signedFactor shift  43
                        factor shift  37

State 10:
          term ::= * term MUL term
          term ::= * term DIV term
          term ::= * term MOD term
          term ::= * term EXP term
          term ::= term EXP * term
          term ::= * signedFactor
          signedFactor ::= * PLUS factor
          signedFactor ::= * MINUS factor
          signedFactor ::= * factor
          factor ::= * LPAREN expression RPAREN
          factor ::= * SYMBOL
          factor ::= * INTEGER
          factor ::= * FLOAT

                        LPAREN shift  6
                          PLUS shift  15
                         MINUS shift  14
                        SYMBOL shift  40
                       INTEGER shift  39
                         FLOAT shift  38
                          term shift  19
                  signedFactor shift  43
                        factor shift  37

State 11:
          term ::= * term MUL term
          term ::= * term DIV term
          term ::= * term MOD term
          term ::= term MOD * term
          term ::= * term EXP term
          term ::= * signedFactor
          signedFactor ::= * PLUS factor
          signedFactor ::= * MINUS factor
          signedFactor ::= * factor
          factor ::= * LPAREN expression RPAREN
          factor ::= * SYMBOL
          factor ::= * INTEGER
          factor ::= * FLOAT

                        LPAREN shift  6
                          PLUS shift  15
                         MINUS shift  14
                        SYMBOL shift  40
                       INTEGER shift  39
                         FLOAT shift  38
                          term shift  20
                  signedFactor shift  43
                        factor shift  37

State 12:
          term ::= * term MUL term
          term ::= * term DIV term
          term ::= term DIV * term
          term ::= * term MOD term
          term ::= * term EXP term
          term ::= * signedFactor
          signedFactor ::= * PLUS factor
          signedFactor ::= * MINUS factor
          signedFactor ::= * factor
          factor ::= * LPAREN expression RPAREN
          factor ::= * SYMBOL
          factor ::= * INTEGER
          factor ::= * FLOAT

                        LPAREN shift  6
                          PLUS shift  15
                         MINUS shift  14
                        SYMBOL shift  40
                       INTEGER shift  39
                         FLOAT shift  38
                          term shift  21
                  signedFactor shift  43
                        factor shift  37

State 13:
          term ::= * term MUL term
          term ::= term MUL * term
          term ::= * term DIV term
          term ::= * term MOD term
          term ::= * term EXP term
          term ::= * signedFactor
          signedFactor ::= * PLUS factor
          signedFactor ::= * MINUS factor
          signedFactor ::= * factor
          factor ::= * LPAREN expression RPAREN
          factor ::= * SYMBOL
          factor ::= * INTEGER
          factor ::= * FLOAT

                        LPAREN shift  6
                          PLUS shift  15
                         MINUS shift  14
                        SYMBOL shift  40
                       INTEGER shift  39
                         FLOAT shift  38
                          term shift  22
                  signedFactor shift  43
                        factor shift  37

State 14:
          signedFactor ::= MINUS * factor
          factor ::= * LPAREN expression RPAREN
          factor ::= * SYMBOL
          factor ::= * INTEGER
          factor ::= * FLOAT

                        LPAREN shift  6
                        SYMBOL shift  40
                       INTEGER shift  39
                         FLOAT shift  38
                        factor shift  41

State 15:
          signedFactor ::= PLUS * factor
          factor ::= * LPAREN expression RPAREN
          factor ::= * SYMBOL
          factor ::= * INTEGER
          factor ::= * FLOAT

                        LPAREN shift  6
                        SYMBOL shift  40
                       INTEGER shift  39
                         FLOAT shift  38
                        factor shift  42

State 16:
          expression ::= term * PLUS expression
          expression ::= term * MINUS expression
     (13) expression ::= term *
          term ::= term * MUL term
          term ::= term * DIV term
          term ::= term * MOD term
          term ::= term * EXP term

                          PLUS shift  7
                         MINUS shift  5
                           MUL shift  13
                           DIV shift  12
                           MOD shift  11
                           EXP shift  10
                     {default} reduce 13

State 17:
          statementgroup ::= statement * SEMICOLON

                     SEMICOLON shift  29

State 18:
          definition ::= datatype * IDENTIFIER

                    IDENTIFIER shift  32

State 19:
          term ::= term * MUL term
          term ::= term * DIV term
          term ::= term * MOD term
          term ::= term * EXP term
     (17) term ::= term EXP term *

                           EXP shift  10
                     {default} reduce 17

State 20:
          term ::= term * MUL term
          term ::= term * DIV term
          term ::= term * MOD term
     (16) term ::= term MOD term *
          term ::= term * EXP term

                           EXP shift  10
                     {default} reduce 16

State 21:
          term ::= term * MUL term
          term ::= term * DIV term
     (15) term ::= term DIV term *
          term ::= term * MOD term
          term ::= term * EXP term

                           EXP shift  10
                     {default} reduce 15

State 22:
          term ::= term * MUL term
     (14) term ::= term MUL term *
          term ::= term * DIV term
          term ::= term * MOD term
          term ::= term * EXP term

                           EXP shift  10
                     {default} reduce 14

State 23:
          factor ::= LPAREN expression * RPAREN

                        RPAREN shift  36

State 24:
          statement ::= definition * EQUAL expression
      (5) statement ::= definition *

                         EQUAL shift  8
                     {default} reduce 5

State 25:
          statement ::= IF LPAREN expression RPAREN * LCURLY statementgroup RCURLY

                        LCURLY shift  1

State 26:
          statement ::= IF LPAREN expression * RPAREN LCURLY statementgroup RCURLY

                        RPAREN shift  25

State 27:
          statement ::= IF * LPAREN expression RPAREN LCURLY statementgroup RCURLY

                        LPAREN shift  9

State 28:
          statementgroup ::= statementgroup statement * SEMICOLON

                     SEMICOLON shift  47

State 29:
      (2) statementgroup ::= statement SEMICOLON *

                     {default} reduce 2

State 30:
     (10) datatype ::= KEYWORD_FLOAT *

                     {default} reduce 10

State 31:
      (9) datatype ::= KEYWORD_INTEGER *

                     {default} reduce 9

State 32:
      (8) definition ::= datatype IDENTIFIER *

                     {default} reduce 8

State 33:
      (7) statement ::= KEYWORD_PRINT expression *

                     {default} reduce 7

State 34:
      (6) statement ::= expression *

                     {default} reduce 6

State 35:
     (12) expression ::= term MINUS expression *

                     {default} reduce 12

State 36:
     (22) factor ::= LPAREN expression RPAREN *

                     {default} reduce 22

State 37:
     (21) signedFactor ::= factor *

                     {default} reduce 21

State 38:
     (25) factor ::= FLOAT *

                     {default} reduce 25

State 39:
     (24) factor ::= INTEGER *

                     {default} reduce 24

State 40:
     (23) factor ::= SYMBOL *

                     {default} reduce 23

State 41:
     (20) signedFactor ::= MINUS factor *

                     {default} reduce 20

State 42:
     (19) signedFactor ::= PLUS factor *

                     {default} reduce 19

State 43:
     (18) term ::= signedFactor *

                     {default} reduce 18

State 44:
     (11) expression ::= term PLUS expression *

                     {default} reduce 11

State 45:
      (4) statement ::= definition EQUAL expression *

                     {default} reduce 4

State 46:
      (3) statement ::= IF LPAREN expression RPAREN LCURLY statementgroup RCURLY *

                     {default} reduce 3

State 47:
      (1) statementgroup ::= statementgroup statement SEMICOLON *

                     {default} reduce 1

----------------------------------------------------
Symbols:
    0: $:
    1: SEMICOLON
    2: IF
    3: LPAREN
    4: RPAREN
    5: LCURLY
    6: RCURLY
    7: EQUAL
    8: KEYWORD_PRINT
    9: IDENTIFIER
   10: KEYWORD_INTEGER
   11: KEYWORD_FLOAT
   12: PLUS
   13: MINUS
   14: MUL
   15: DIV
   16: MOD
   17: EXP
   18: SYMBOL
   19: INTEGER
   20: FLOAT
   21: error:
   22: program: IF LPAREN KEYWORD_PRINT KEYWORD_INTEGER KEYWORD_FLOAT PLUS MINUS SYMBOL INTEGER FLOAT
   23: statementgroup: IF LPAREN KEYWORD_PRINT KEYWORD_INTEGER KEYWORD_FLOAT PLUS MINUS SYMBOL INTEGER FLOAT
   24: statement: IF LPAREN KEYWORD_PRINT KEYWORD_INTEGER KEYWORD_FLOAT PLUS MINUS SYMBOL INTEGER FLOAT
   25: expression: LPAREN PLUS MINUS SYMBOL INTEGER FLOAT
   26: definition: KEYWORD_INTEGER KEYWORD_FLOAT
   27: datatype: KEYWORD_INTEGER KEYWORD_FLOAT
   28: term: LPAREN PLUS MINUS SYMBOL INTEGER FLOAT
   29: signedFactor: LPAREN PLUS MINUS SYMBOL INTEGER FLOAT
   30: factor: LPAREN SYMBOL INTEGER FLOAT
